<?xml version="1.0" encoding="UTF-8"?>
<!-- Generated by org.testng.reporters.JUnitReportReporter -->
<testsuite hostname="anjali-PC" name="script.DemoA" tests="1" failures="0" timestamp="11 Oct 2018 06:36:12 GMT" time="21.602" errors="0">
  <testcase name="testA" time="21.602" classname="script.DemoA"/>
</testsuite> <!-- script.DemoA -->
